{
  "stats": {
    "suites": 1,
    "tests": 5,
    "passes": 5,
    "pending": 0,
    "failures": 0,
    "start": "2024-04-23T00:39:41.977Z",
    "end": "2024-04-23T00:39:49.862Z",
    "duration": 7885,
    "testsRegistered": 5,
    "passPercent": 100,
    "pendingPercent": 0,
    "other": 0,
    "hasOther": false,
    "skipped": 0,
    "hasSkipped": false
  },
  "results": [
    {
      "uuid": "935c9ef2-5422-464d-8020-9d7fe325a987",
      "title": "",
      "fullFile": "cypress\\e2e\\alerts.cy.js",
      "file": "cypress\\e2e\\alerts.cy.js",
      "beforeHooks": [],
      "afterHooks": [],
      "tests": [
        {
          "title": "javascript confirm ok",
          "fullTitle": "javascript confirm ok",
          "timedOut": null,
          "duration": 2552,
          "state": "passed",
          "speed": "fast",
          "pass": true,
          "fail": false,
          "pending": false,
          "context": "{\n  \"title\": \"cypress-mochawesome-reporter-videos-passed\",\n  \"value\": \"cypress\\\\e2e\\\\alerts.cy.js\"\n}",
          "code": "cy.contains(\"Click for JS Confirm\").click(), cy.on(\"window:confirm\", alert => {\n  expect(alert).to.equal(\"I am a JS Confirm\");\n  return true;\n});",
          "err": {},
          "uuid": "b91a8684-28b9-4c97-aa64-d7032325494f",
          "parentUUID": "935c9ef2-5422-464d-8020-9d7fe325a987",
          "isHook": false,
          "skipped": false
        },
        {
          "title": "javascript confirm cancel",
          "fullTitle": "javascript confirm cancel",
          "timedOut": null,
          "duration": 495,
          "state": "passed",
          "speed": "fast",
          "pass": true,
          "fail": false,
          "pending": false,
          "context": "{\n  \"title\": \"cypress-mochawesome-reporter-videos-passed\",\n  \"value\": \"cypress\\\\e2e\\\\alerts.cy.js\"\n}",
          "code": "cy.contains(\"Click for JS Confirm\").click();\ncy.on(\"window:confirm\", confirm => {\n  expect(confirm).to.equal(\"I am a JS Confirm\");\n  return false;\n});",
          "err": {},
          "uuid": "e4c33af8-8164-4347-b89e-9c111c308af1",
          "parentUUID": "935c9ef2-5422-464d-8020-9d7fe325a987",
          "isHook": false,
          "skipped": false
        },
        {
          "title": "javascript prompt ok ",
          "fullTitle": "javascript prompt ok ",
          "timedOut": null,
          "duration": 483,
          "state": "passed",
          "speed": "fast",
          "pass": true,
          "fail": false,
          "pending": false,
          "context": "{\n  \"title\": \"cypress-mochawesome-reporter-videos-passed\",\n  \"value\": \"cypress\\\\e2e\\\\alerts.cy.js\"\n}",
          "code": "cy.window().then($win => {\n  cy.stub($win, \"prompt\").returns(\"hbvjhs\");\n  cy.contains(\"Click for JS Prompt\").click();\n});",
          "err": {},
          "uuid": "1d406224-66a3-438c-8325-24dbf7d645b3",
          "parentUUID": "935c9ef2-5422-464d-8020-9d7fe325a987",
          "isHook": false,
          "skipped": false
        },
        {
          "title": "javascript prompt ok ",
          "fullTitle": "javascript prompt ok ",
          "timedOut": null,
          "duration": 475,
          "state": "passed",
          "speed": "fast",
          "pass": true,
          "fail": false,
          "pending": false,
          "context": "{\n  \"title\": \"cypress-mochawesome-reporter-videos-passed\",\n  \"value\": \"cypress\\\\e2e\\\\alerts.cy.js\"\n}",
          "code": "cy.window().then($win => {\n  cy.stub($win, \"prompt\").callsFake(() => null);\n  cy.contains(\"Click for JS Prompt\").click();\n});",
          "err": {},
          "uuid": "12a74370-f1b3-4a5b-8f42-99107129389e",
          "parentUUID": "935c9ef2-5422-464d-8020-9d7fe325a987",
          "isHook": false,
          "skipped": false
        }
      ],
      "suites": [
        {
          "uuid": "1f6ef9cf-a70b-46a8-b436-9e689689a019",
          "title": "javascript alert function",
          "fullFile": "",
          "file": "",
          "beforeHooks": [],
          "afterHooks": [],
          "tests": [
            {
              "title": "javascript alert ",
              "fullTitle": "javascript alert function javascript alert ",
              "timedOut": null,
              "duration": 485,
              "state": "passed",
              "speed": "fast",
              "pass": true,
              "fail": false,
              "pending": false,
              "context": "{\n  \"title\": \"cypress-mochawesome-reporter-videos-passed\",\n  \"value\": \"cypress\\\\e2e\\\\alerts.cy.js\"\n}",
              "code": "cy.contains(\"Click for JS Alert\").click(), cy.on(\"window:alert\", alert => {\n  expect(alert).to.equal(\"I am a JS Alert\");\n  return true;\n});",
              "err": {},
              "uuid": "f90204f6-ecea-4ebb-a086-4cb2e77e5d28",
              "parentUUID": "1f6ef9cf-a70b-46a8-b436-9e689689a019",
              "isHook": false,
              "skipped": false
            }
          ],
          "suites": [],
          "passes": [
            "f90204f6-ecea-4ebb-a086-4cb2e77e5d28"
          ],
          "failures": [],
          "pending": [],
          "skipped": [],
          "duration": 485,
          "root": false,
          "rootEmpty": false,
          "_timeout": 2000
        }
      ],
      "passes": [
        "b91a8684-28b9-4c97-aa64-d7032325494f",
        "e4c33af8-8164-4347-b89e-9c111c308af1",
        "1d406224-66a3-438c-8325-24dbf7d645b3",
        "12a74370-f1b3-4a5b-8f42-99107129389e"
      ],
      "failures": [],
      "pending": [],
      "skipped": [],
      "duration": 4005,
      "root": true,
      "rootEmpty": false,
      "_timeout": 2000
    }
  ],
  "meta": {
    "mocha": {
      "version": "7.0.1"
    },
    "mochawesome": {
      "options": {
        "quiet": false,
        "reportFilename": "mochawesome",
        "saveHtml": false,
        "saveJson": true,
        "consoleReporter": "spec",
        "useInlineDiffs": false,
        "code": true
      },
      "version": "7.1.3"
    },
    "marge": {
      "options": {
        "overwrite": false,
        "html": false,
        "json": true,
        "reportDir": "cypress\\reports\\html\\.jsons"
      },
      "version": "6.2.0"
    }
  }
}