{
  "stats": {
    "suites": 1,
    "tests": 1,
    "passes": 0,
    "pending": 0,
    "failures": 1,
    "start": "2024-04-23T01:20:58.078Z",
    "end": "2024-04-23T01:21:45.559Z",
    "duration": 47481,
    "testsRegistered": 1,
    "passPercent": 0,
    "pendingPercent": 0,
    "other": 0,
    "hasOther": false,
    "skipped": 0,
    "hasSkipped": false
  },
  "results": [
    {
      "uuid": "da8fb6c9-32db-477e-8458-5fe34128cf0a",
      "title": "",
      "fullFile": "cypress\\e2e\\addemployee 1 .cy.js",
      "file": "cypress\\e2e\\addemployee 1 .cy.js",
      "beforeHooks": [],
      "afterHooks": [],
      "tests": [],
      "suites": [
        {
          "uuid": "1d346376-470e-4d07-b9ae-c994a69be21b",
          "title": "verify the add employee in pim module",
          "fullFile": "",
          "file": "",
          "beforeHooks": [],
          "afterHooks": [],
          "tests": [
            {
              "title": "verify the login with creds",
              "fullTitle": "verify the add employee in pim module verify the login with creds",
              "timedOut": null,
              "duration": 47394,
              "state": "failed",
              "speed": null,
              "pass": false,
              "fail": true,
              "pending": false,
              "context": "{\n  \"title\": \"cypress-mochawesome-reporter-videos-failed\",\n  \"value\": \"cypress\\\\e2e\\\\addemployee 1 .cy.js\"\n}",
              "code": "cy.visit('/web/index.php/auth/login');\ncy.get('input[name=\"username\"]').type(\"admin\");\ncy.get('input[placeholder=\"Password\"]').type(\"admin123\");\ncy.get('button[type=\"submit\"]').click();\nfor (let iteams in menuiteams) {\n  cy.contains(menuiteams[iteams]).should(\"be.visible\");\n}",
              "err": {
                "message": "AssertionError: Timed out retrying after 40000ms: Expected to find content: 'leave' but never did.",
                "estack": "AssertionError: Timed out retrying after 40000ms: Expected to find content: 'leave' but never did.\n    at Context.eval (webpack://cypress-19-batch/./cypress/e2e/addemployee 1 .cy.js:25:38)",
                "diff": null
              },
              "uuid": "d1ffbb5e-e65a-4477-9291-b18dc946cc51",
              "parentUUID": "1d346376-470e-4d07-b9ae-c994a69be21b",
              "isHook": false,
              "skipped": false
            }
          ],
          "suites": [],
          "passes": [],
          "failures": [
            "d1ffbb5e-e65a-4477-9291-b18dc946cc51"
          ],
          "pending": [],
          "skipped": [],
          "duration": 47394,
          "root": false,
          "rootEmpty": false,
          "_timeout": 2000
        }
      ],
      "passes": [],
      "failures": [],
      "pending": [],
      "skipped": [],
      "duration": 0,
      "root": true,
      "rootEmpty": true,
      "_timeout": 2000
    }
  ],
  "meta": {
    "mocha": {
      "version": "7.0.1"
    },
    "mochawesome": {
      "options": {
        "quiet": false,
        "reportFilename": "mochawesome",
        "saveHtml": false,
        "saveJson": true,
        "consoleReporter": "spec",
        "useInlineDiffs": false,
        "code": true
      },
      "version": "7.1.3"
    },
    "marge": {
      "options": {
        "overwrite": false,
        "html": false,
        "json": true,
        "reportDir": "cypress\\reports\\html\\.jsons"
      },
      "version": "6.2.0"
    }
  }
}