{
  "stats": {
    "suites": 1,
    "tests": 1,
    "passes": 1,
    "pending": 0,
    "failures": 0,
    "start": "2024-04-23T01:21:48.404Z",
    "end": "2024-04-23T01:22:39.748Z",
    "duration": 51344,
    "testsRegistered": 1,
    "passPercent": 100,
    "pendingPercent": 0,
    "other": 0,
    "hasOther": false,
    "skipped": 0,
    "hasSkipped": false
  },
  "results": [
    {
      "uuid": "6398f4b4-1125-4efd-bc5e-390849823da7",
      "title": "",
      "fullFile": "cypress\\e2e\\admin.cy.js",
      "file": "cypress\\e2e\\admin.cy.js",
      "beforeHooks": [],
      "afterHooks": [],
      "tests": [],
      "suites": [
        {
          "uuid": "78970677-4f6f-4d19-9203-9d2b57c74d0a",
          "title": "validate for the admin functionality",
          "fullFile": "",
          "file": "",
          "beforeHooks": [],
          "afterHooks": [],
          "tests": [
            {
              "title": "verify the job title ",
              "fullTitle": "validate for the admin functionality verify the job title ",
              "timedOut": null,
              "duration": 51284,
              "state": "passed",
              "speed": "slow",
              "pass": true,
              "fail": false,
              "pending": false,
              "context": "{\n  \"title\": \"cypress-mochawesome-reporter-videos-passed\",\n  \"value\": \"cypress\\\\e2e\\\\admin.cy.js\"\n}",
              "code": "cy.visit(\"https://opensource-demo.orangehrmlive.com/web/index.php/auth/login\");\ncy.wait(30000);\ncy.get('input[name=\"username\"]').type('admin');\ncy.get('input[placeholder=\"Password\"]').type('admin123');\ncy.get('button[type=\"submit\"]').click();\ncy.contains('Dashboard').should('be.visible');\ncy.contains('Time at Work').should('be.visible');\ncy.contains('Admin').click();\ncy.contains('Job').should(\"be.visible\");\ncy.contains('Job').click();\ncy.contains('Job Titles').click();\ncy.get('button[class=\"oxd-button oxd-button--medium oxd-button--secondary\"]').click();\nlet r = (Math.random() + 1).toString(36).substring(7);\ncy.get('#app > div.oxd-layout > div.oxd-layout-container > div.oxd-layout-context > div > div > form > div:nth-child(1) > div > div:nth-child(2) > input').type(\"SDET 1\" + r);\ncy.get('button[type=\"submit\"]').click();\ncy.contains('Successfully Saved').should('be.visible');",
              "err": {},
              "uuid": "f22d8fbb-7b58-498c-a37f-61cce5c26d64",
              "parentUUID": "78970677-4f6f-4d19-9203-9d2b57c74d0a",
              "isHook": false,
              "skipped": false
            }
          ],
          "suites": [],
          "passes": [
            "f22d8fbb-7b58-498c-a37f-61cce5c26d64"
          ],
          "failures": [],
          "pending": [],
          "skipped": [],
          "duration": 51284,
          "root": false,
          "rootEmpty": false,
          "_timeout": 2000
        }
      ],
      "passes": [],
      "failures": [],
      "pending": [],
      "skipped": [],
      "duration": 0,
      "root": true,
      "rootEmpty": true,
      "_timeout": 2000
    }
  ],
  "meta": {
    "mocha": {
      "version": "7.0.1"
    },
    "mochawesome": {
      "options": {
        "quiet": false,
        "reportFilename": "mochawesome",
        "saveHtml": false,
        "saveJson": true,
        "consoleReporter": "spec",
        "useInlineDiffs": false,
        "code": true
      },
      "version": "7.1.3"
    },
    "marge": {
      "options": {
        "overwrite": false,
        "html": false,
        "json": true,
        "reportDir": "cypress\\reports\\html\\.jsons"
      },
      "version": "6.2.0"
    }
  }
}