{
  "stats": {
    "suites": 1,
    "tests": 5,
    "passes": 5,
    "pending": 0,
    "failures": 0,
    "start": "2024-04-23T01:22:46.074Z",
    "end": "2024-04-23T01:22:55.043Z",
    "duration": 8969,
    "testsRegistered": 5,
    "passPercent": 100,
    "pendingPercent": 0,
    "other": 0,
    "hasOther": false,
    "skipped": 0,
    "hasSkipped": false
  },
  "results": [
    {
      "uuid": "5ffb0883-85ba-4cb4-a8f3-2799842741d8",
      "title": "",
      "fullFile": "cypress\\e2e\\alerts.cy.js",
      "file": "cypress\\e2e\\alerts.cy.js",
      "beforeHooks": [],
      "afterHooks": [],
      "tests": [
        {
          "title": "javascript confirm ok",
          "fullTitle": "javascript confirm ok",
          "timedOut": null,
          "duration": 3068,
          "state": "passed",
          "speed": "fast",
          "pass": true,
          "fail": false,
          "pending": false,
          "context": "{\n  \"title\": \"cypress-mochawesome-reporter-videos-passed\",\n  \"value\": \"cypress\\\\e2e\\\\alerts.cy.js\"\n}",
          "code": "cy.contains(\"Click for JS Confirm\").click(), cy.on(\"window:confirm\", alert => {\n  expect(alert).to.equal(\"I am a JS Confirm\");\n  return true;\n});",
          "err": {},
          "uuid": "a3880a2e-8da7-4f27-bc76-54b3a3a88f47",
          "parentUUID": "5ffb0883-85ba-4cb4-a8f3-2799842741d8",
          "isHook": false,
          "skipped": false
        },
        {
          "title": "javascript confirm cancel",
          "fullTitle": "javascript confirm cancel",
          "timedOut": null,
          "duration": 479,
          "state": "passed",
          "speed": "fast",
          "pass": true,
          "fail": false,
          "pending": false,
          "context": "{\n  \"title\": \"cypress-mochawesome-reporter-videos-passed\",\n  \"value\": \"cypress\\\\e2e\\\\alerts.cy.js\"\n}",
          "code": "cy.contains(\"Click for JS Confirm\").click();\ncy.on(\"window:confirm\", confirm => {\n  expect(confirm).to.equal(\"I am a JS Confirm\");\n  return false;\n});",
          "err": {},
          "uuid": "15120020-7163-46bb-8f2d-aa4346322f55",
          "parentUUID": "5ffb0883-85ba-4cb4-a8f3-2799842741d8",
          "isHook": false,
          "skipped": false
        },
        {
          "title": "javascript prompt ok ",
          "fullTitle": "javascript prompt ok ",
          "timedOut": null,
          "duration": 511,
          "state": "passed",
          "speed": "fast",
          "pass": true,
          "fail": false,
          "pending": false,
          "context": "{\n  \"title\": \"cypress-mochawesome-reporter-videos-passed\",\n  \"value\": \"cypress\\\\e2e\\\\alerts.cy.js\"\n}",
          "code": "cy.window().then($win => {\n  cy.stub($win, \"prompt\").returns(\"hbvjhs\");\n  cy.contains(\"Click for JS Prompt\").click();\n});",
          "err": {},
          "uuid": "28b2afb4-aaff-410e-926c-71aa1aa34e5d",
          "parentUUID": "5ffb0883-85ba-4cb4-a8f3-2799842741d8",
          "isHook": false,
          "skipped": false
        },
        {
          "title": "javascript prompt ok ",
          "fullTitle": "javascript prompt ok ",
          "timedOut": null,
          "duration": 604,
          "state": "passed",
          "speed": "fast",
          "pass": true,
          "fail": false,
          "pending": false,
          "context": "{\n  \"title\": \"cypress-mochawesome-reporter-videos-passed\",\n  \"value\": \"cypress\\\\e2e\\\\alerts.cy.js\"\n}",
          "code": "cy.window().then($win => {\n  cy.stub($win, \"prompt\").callsFake(() => null);\n  cy.contains(\"Click for JS Prompt\").click();\n});",
          "err": {},
          "uuid": "556e0f0f-2cc4-4388-a261-a889003d2d6d",
          "parentUUID": "5ffb0883-85ba-4cb4-a8f3-2799842741d8",
          "isHook": false,
          "skipped": false
        }
      ],
      "suites": [
        {
          "uuid": "d7e0e6f0-7422-47c2-83ce-c422d695407f",
          "title": "javascript alert function",
          "fullFile": "",
          "file": "",
          "beforeHooks": [],
          "afterHooks": [],
          "tests": [
            {
              "title": "javascript alert ",
              "fullTitle": "javascript alert function javascript alert ",
              "timedOut": null,
              "duration": 863,
              "state": "passed",
              "speed": "fast",
              "pass": true,
              "fail": false,
              "pending": false,
              "context": "{\n  \"title\": \"cypress-mochawesome-reporter-videos-passed\",\n  \"value\": \"cypress\\\\e2e\\\\alerts.cy.js\"\n}",
              "code": "cy.contains(\"Click for JS Alert\").click(), cy.on(\"window:alert\", alert => {\n  expect(alert).to.equal(\"I am a JS Alert\");\n  return true;\n});",
              "err": {},
              "uuid": "b805d190-61e3-4f8c-9b61-39aeedebba92",
              "parentUUID": "d7e0e6f0-7422-47c2-83ce-c422d695407f",
              "isHook": false,
              "skipped": false
            }
          ],
          "suites": [],
          "passes": [
            "b805d190-61e3-4f8c-9b61-39aeedebba92"
          ],
          "failures": [],
          "pending": [],
          "skipped": [],
          "duration": 863,
          "root": false,
          "rootEmpty": false,
          "_timeout": 2000
        }
      ],
      "passes": [
        "a3880a2e-8da7-4f27-bc76-54b3a3a88f47",
        "15120020-7163-46bb-8f2d-aa4346322f55",
        "28b2afb4-aaff-410e-926c-71aa1aa34e5d",
        "556e0f0f-2cc4-4388-a261-a889003d2d6d"
      ],
      "failures": [],
      "pending": [],
      "skipped": [],
      "duration": 4662,
      "root": true,
      "rootEmpty": false,
      "_timeout": 2000
    }
  ],
  "meta": {
    "mocha": {
      "version": "7.0.1"
    },
    "mochawesome": {
      "options": {
        "quiet": false,
        "reportFilename": "mochawesome",
        "saveHtml": false,
        "saveJson": true,
        "consoleReporter": "spec",
        "useInlineDiffs": false,
        "code": true
      },
      "version": "7.1.3"
    },
    "marge": {
      "options": {
        "overwrite": false,
        "html": false,
        "json": true,
        "reportDir": "cypress\\reports\\html\\.jsons"
      },
      "version": "6.2.0"
    }
  }
}